<?xml version="1.0" encoding="UTF-8"?>
<!-- Generated by org.testng.reporters.JUnitReportReporter -->
<testsuite skipped="0" hostname="DESKTOP-K40N5H6" name="QAacademy.com.MavenJava.AppiumDemoTest" tests="1" failures="0" timestamp="20 Sep 2020 09:46:11 GMT" time="0.028" errors="0">
  <testcase name="dispAppium" time="0.028" classname="QAacademy.com.MavenJava.AppiumDemoTest"/>
</testsuite> <!-- QAacademy.com.MavenJava.AppiumDemoTest -->
