<?xml version="1.0" encoding="UTF-8"?>
<!-- Generated by org.testng.reporters.JUnitReportReporter -->
<testsuite hostname="DESKTOP-K40N5H6" failures="0" tests="1" name="QAacademy.com.MavenJava.AppiumDemo" time="0.028" errors="0" timestamp="17 Sep 2020 18:51:03 GMT" skipped="0">
  <testcase classname="QAacademy.com.MavenJava.AppiumDemo" name="dispAppium" time="0.028"/>
</testsuite> <!-- QAacademy.com.MavenJava.AppiumDemo -->
